# set MODULE alu
# alu
#  source scripts/run_unit.tcl
# reading modelsim.ini
# Questa Altera Starter FPGA Edition-64 vlog 2025.2 Compiler 2025.05 May 31 2025
# Start time: 16:03:42 on May 28,2026
# vlog -sv -work work "+incdir+/home/trungpham/PROJECT/RV32I_Single_Cycle/src/core" "+incdir+/home/trungpham/PROJECT/RV32I_Single_Cycle/src/memory" /home/trungpham/PROJECT/RV32I_Single_Cycle/src/core/alu.sv 
# ** Note: (vlog-220) 'modelsim.ini' is used as the ini file.
# -- Compiling module alu
# 
# Top level modules:
# 	alu
# End time: 16:03:42 on May 28,2026, Elapsed time: 0:00:00
# Errors: 0, Warnings: 0
# Questa Altera Starter FPGA Edition-64 vlog 2025.2 Compiler 2025.05 May 31 2025
# Start time: 16:03:42 on May 28,2026
# vlog -sv -work work "+incdir+/home/trungpham/PROJECT/RV32I_Single_Cycle/src/core" "+incdir+/home/trungpham/PROJECT/RV32I_Single_Cycle/src/memory" /home/trungpham/PROJECT/RV32I_Single_Cycle/tb/alu/tb_alu.sv 
# ** Note: (vlog-220) 'modelsim.ini' is used as the ini file.
# -- Compiling module tb_alu
# 
# Top level modules:
# 	tb_alu
# End time: 16:03:42 on May 28,2026, Elapsed time: 0:00:00
# Errors: 0, Warnings: 0
# ** Note: (vsim-220) 'modelsim.ini' is used as the ini file.
# vsim -t 1ps -voptargs="+acc" -wlf alu.wlf -work work -do "add wave -recursive *; run -all; quit -f" work.tb_alu 
# Start time: 16:03:42 on May 28,2026
# ** Note: (vsim-3812) Design is being optimized...
# ** Warning: (vopt-10908) Some optimizations are turned off because the +acc switch is in effect.
# ** Note: (vopt-220) 'modelsim.ini' is used as the ini file.
# ** Note: (vsim-12126) Error and warning message counts have been restored: Errors=0, Warnings=1.
# //  Questa Altera Starter FPGA Edition-64
# //  Version 2025.2 linux_x86_64 May 31 2025
# //
# // Unpublished work. Copyright 2025 Siemens
# //
# // This material contains trade secrets or otherwise confidential information
# // owned by Siemens Industry Software Inc. or its affiliates (collectively,
# // "SISW"), or its licensors. Access to and use of this information is strictly
# // limited as set forth in the Customer's applicable agreements with SISW.
# //
# // This material may not be copied, distributed, or otherwise disclosed outside
# // of the Customer's facilities without the express written permission of SISW,
# // and may not be used in any way not expressly authorized by SISW.
# //
# Loading sv_std.std
# Loading work.tb_alu(fast)
# Loading work.alu(fast)
# add wave -recursive *
#  run -all
# PASS | alu_control = 0 | a = 0320c680 | b = 1a2b3c4d | result = 1d4c02cd | zero = 0
# PASS | alu_control = 0 | a = ffffffff | b = ffffffff | result = fffffffe | zero = 0
# PASS | alu_control = 1 | a = 00000000 | b = 00000000 | result = 00000000 | zero = 1
# PASS | alu_control = 1 | a = f4e328ad | b = 4ce905aa | result = a7fa2303 | zero = 0
# PASS | alu_control = 2 | a = 00000001 | b = 00000005 | result = 00000020 | zero = 0
# PASS | alu_control = 3 | a = ffffffff | b = 00000000 | result = 00000001 | zero = 0
# PASS | alu_control = 3 | a = cccccccc | b = dddddddd | result = 00000001 | zero = 0
# PASS | alu_control = 4 | a = ffffffff | b = 00000001 | result = 00000000 | zero = 1
# PASS | alu_control = 5 | a = aaaaaaaa | b = aaaaaaaa | result = 00000000 | zero = 1
# PASS | alu_control = 6 | a = 80000000 | b = 00000001 | result = 40000000 | zero = 0
# PASS | alu_control = 7 | a = 80000000 | b = 00000001 | result = c0000000 | zero = 0
# PASS | alu_control = 8 | a = f0f0f0f0 | b = 0f0f0f0f | result = ffffffff | zero = 0
# PASS | alu_control = 9 | a = ffffffff | b = 0f0f0f0f | result = 0f0f0f0f | zero = 0
# Result: 13 PASSED, 0 FAILED
# ** Note: $finish    : /home/trungpham/PROJECT/RV32I_Single_Cycle/tb/alu/tb_alu.sv(104)
#    Time: 130 ps  Iteration: 0  Instance: /tb_alu
# End time: 16:03:42 on May 28,2026, Elapsed time: 0:00:00
# Errors: 0, Warnings: 1
