# set MODULE pc_adder
# pc_adder
#  source scripts/run_unit.tcl
# Questa Altera Starter FPGA Edition-64 vlog 2025.2 Compiler 2025.05 May 31 2025
# Start time: 14:07:12 on May 28,2026
# vlog -sv -work work "+incdir+/home/trungpham/PROJECT/RV32I_Single_Cycle/src/core" "+incdir+/home/trungpham/PROJECT/RV32I_Single_Cycle/src/memory" /home/trungpham/PROJECT/RV32I_Single_Cycle/src/core/pc_adder.sv 
# ** Note: (vlog-220) 'modelsim.ini' is used as the ini file.
# -- Compiling module pc_adder
# 
# Top level modules:
# 	pc_adder
# End time: 14:07:12 on May 28,2026, Elapsed time: 0:00:00
# Errors: 0, Warnings: 0
# Questa Altera Starter FPGA Edition-64 vlog 2025.2 Compiler 2025.05 May 31 2025
# Start time: 14:07:12 on May 28,2026
# vlog -sv -work work "+incdir+/home/trungpham/PROJECT/RV32I_Single_Cycle/src/core" "+incdir+/home/trungpham/PROJECT/RV32I_Single_Cycle/src/memory" /home/trungpham/PROJECT/RV32I_Single_Cycle/tb/pc_increment/tb_pc_adder.sv 
# ** Note: (vlog-220) 'modelsim.ini' is used as the ini file.
# -- Compiling module tb_pc_adder
# 
# Top level modules:
# 	tb_pc_adder
# End time: 14:07:12 on May 28,2026, Elapsed time: 0:00:00
# Errors: 0, Warnings: 0
# ** Note: (vsim-220) 'modelsim.ini' is used as the ini file.
# vsim -t 1ps -voptargs="+acc" -wlf pc_adder.wlf -work work -do "add wave -recursive *; run -all; quit -f" work.tb_pc_adder 
# Start time: 14:07:12 on May 28,2026
# ** Note: (vsim-3812) Design is being optimized...
# ** Warning: (vopt-10908) Some optimizations are turned off because the +acc switch is in effect.
# ** Note: (vopt-220) 'modelsim.ini' is used as the ini file.
# ** Note: (vsim-12126) Error and warning message counts have been restored: Errors=0, Warnings=1.
# //  Questa Altera Starter FPGA Edition-64
# //  Version 2025.2 linux_x86_64 May 31 2025
# //
# // Unpublished work. Copyright 2025 Siemens
# //
# // This material contains trade secrets or otherwise confidential information
# // owned by Siemens Industry Software Inc. or its affiliates (collectively,
# // "SISW"), or its licensors. Access to and use of this information is strictly
# // limited as set forth in the Customer's applicable agreements with SISW.
# //
# // This material may not be copied, distributed, or otherwise disclosed outside
# // of the Customer's facilities without the express written permission of SISW,
# // and may not be used in any way not expressly authorized by SISW.
# //
# Loading sv_std.std
# Loading work.tb_pc_adder(fast)
# Loading work.pc_adder(fast)
# add wave -recursive *
#  run -all
# PASS | pc = 00000000 | pc_inc = 00000004
# PASS | pc = 00000004 | pc_inc = 00000008
# PASS | pc = 00001000 | pc_inc = 00001004
# PASS | pc = fffffffc | pc_inc = 00000000
# PASS | pc = fffffff8 | pc_inc = fffffffc
# Result: 5 PASSED, 0 FAILED
# ** Note: $finish    : /home/trungpham/PROJECT/RV32I_Single_Cycle/tb/pc_increment/tb_pc_adder.sv(54)
#    Time: 50 ps  Iteration: 0  Instance: /tb_pc_adder
# End time: 14:07:13 on May 28,2026, Elapsed time: 0:00:01
# Errors: 0, Warnings: 1
