# set MODULE immediate_generator
# immediate_generator
#  source scripts/run_unit.tcl
# reading modelsim.ini
# Questa Altera Starter FPGA Edition-64 vlog 2025.2 Compiler 2025.05 May 31 2025
# Start time: 11:16:29 on May 30,2026
# vlog -sv -work work "+incdir+/home/trungpham/PROJECT/RV32I_Single_Cycle/src/core" "+incdir+/home/trungpham/PROJECT/RV32I_Single_Cycle/src/memory" /home/trungpham/PROJECT/RV32I_Single_Cycle/src/core/immediate_generator.sv 
# ** Note: (vlog-220) 'modelsim.ini' is used as the ini file.
# -- Compiling module immediate_generator
# 
# Top level modules:
# 	immediate_generator
# End time: 11:16:29 on May 30,2026, Elapsed time: 0:00:00
# Errors: 0, Warnings: 0
# Questa Altera Starter FPGA Edition-64 vlog 2025.2 Compiler 2025.05 May 31 2025
# Start time: 11:16:29 on May 30,2026
# vlog -sv -work work "+incdir+/home/trungpham/PROJECT/RV32I_Single_Cycle/src/core" "+incdir+/home/trungpham/PROJECT/RV32I_Single_Cycle/src/memory" /home/trungpham/PROJECT/RV32I_Single_Cycle/tb/immediate_generator/tb_immediate_generator.sv 
# ** Note: (vlog-220) 'modelsim.ini' is used as the ini file.
# -- Compiling module tb_immediate_generator
# 
# Top level modules:
# 	tb_immediate_generator
# End time: 11:16:29 on May 30,2026, Elapsed time: 0:00:00
# Errors: 0, Warnings: 0
# ** Note: (vsim-220) 'modelsim.ini' is used as the ini file.
# vsim -t 1ps -voptargs="+acc" -wlf immediate_generator.wlf -work work -do "add wave -recursive *; run -all; quit -f" work.tb_immediate_generator 
# Start time: 11:16:29 on May 30,2026
# ** Note: (vsim-3812) Design is being optimized...
# ** Warning: (vopt-10908) Some optimizations are turned off because the +acc switch is in effect.
# ** Note: (vopt-220) 'modelsim.ini' is used as the ini file.
# ** Note: (vsim-12126) Error and warning message counts have been restored: Errors=0, Warnings=1.
# //  Questa Altera Starter FPGA Edition-64
# //  Version 2025.2 linux_x86_64 May 31 2025
# //
# // Unpublished work. Copyright 2025 Siemens
# //
# // This material contains trade secrets or otherwise confidential information
# // owned by Siemens Industry Software Inc. or its affiliates (collectively,
# // "SISW"), or its licensors. Access to and use of this information is strictly
# // limited as set forth in the Customer's applicable agreements with SISW.
# //
# // This material may not be copied, distributed, or otherwise disclosed outside
# // of the Customer's facilities without the express written permission of SISW,
# // and may not be used in any way not expressly authorized by SISW.
# //
# Loading sv_std.std
# Loading work.tb_immediate_generator(fast)
# Loading work.immediate_generator(fast)
# add wave -recursive *
#  run -all
# PASS | imm_sel = 0 | instr = 12345637 | imm_ext = 12345000
# PASS | imm_sel = 1 | instr = 004000ef | imm_ext = 00000004
# PASS | imm_sel = 2 | instr = fe208ce3 | imm_ext = fffffff8
# PASS | imm_sel = 3 | instr = fff10113 | imm_ext = ffffffff
# PASS | imm_sel = 4 | instr = 00a12423 | imm_ext = 00000008
# PASS | imm_sel = 5 | instr = 00309093 | imm_ext = 00000003
# Result: 6 PASSED, 0 FAILED
# ** Note: $finish    : /home/trungpham/PROJECT/RV32I_Single_Cycle/tb/immediate_generator/tb_immediate_generator.sv(85)
#    Time: 60 ps  Iteration: 0  Instance: /tb_immediate_generator
# End time: 11:16:29 on May 30,2026, Elapsed time: 0:00:00
# Errors: 0, Warnings: 1
