# set MODULE control_unit
# control_unit
#  source scripts/run_unit.tcl
# reading modelsim.ini
# Questa Altera Starter FPGA Edition-64 vlog 2025.2 Compiler 2025.05 May 31 2025
# Start time: 11:16:28 on May 30,2026
# vlog -sv -work work "+incdir+/home/trungpham/PROJECT/RV32I_Single_Cycle/src/core" "+incdir+/home/trungpham/PROJECT/RV32I_Single_Cycle/src/memory" /home/trungpham/PROJECT/RV32I_Single_Cycle/src/core/control_unit.sv 
# ** Note: (vlog-220) 'modelsim.ini' is used as the ini file.
# -- Compiling module control_unit
# 
# Top level modules:
# 	control_unit
# End time: 11:16:28 on May 30,2026, Elapsed time: 0:00:00
# Errors: 0, Warnings: 0
# Questa Altera Starter FPGA Edition-64 vlog 2025.2 Compiler 2025.05 May 31 2025
# Start time: 11:16:28 on May 30,2026
# vlog -sv -work work "+incdir+/home/trungpham/PROJECT/RV32I_Single_Cycle/src/core" "+incdir+/home/trungpham/PROJECT/RV32I_Single_Cycle/src/memory" /home/trungpham/PROJECT/RV32I_Single_Cycle/tb/control_unit/utils/tb_utils_pkg.sv 
# ** Note: (vlog-220) 'modelsim.ini' is used as the ini file.
# -- Compiling package tb_utils_pkg
# 
# Top level modules:
# 	--none--
# End time: 11:16:28 on May 30,2026, Elapsed time: 0:00:00
# Errors: 0, Warnings: 0
# Questa Altera Starter FPGA Edition-64 vlog 2025.2 Compiler 2025.05 May 31 2025
# Start time: 11:16:28 on May 30,2026
# vlog -sv -work work "+incdir+/home/trungpham/PROJECT/RV32I_Single_Cycle/src/core" "+incdir+/home/trungpham/PROJECT/RV32I_Single_Cycle/src/memory" /home/trungpham/PROJECT/RV32I_Single_Cycle/tb/control_unit/test/tb_control_unit.sv 
# ** Note: (vlog-220) 'modelsim.ini' is used as the ini file.
# -- Compiling package tb_utils_pkg
# -- Compiling package tb_control_unit_sv_unit
# -- Importing package tb_utils_pkg
# -- Compiling module tb_control_unit
# 
# Top level modules:
# 	tb_control_unit
# End time: 11:16:28 on May 30,2026, Elapsed time: 0:00:00
# Errors: 0, Warnings: 0
# ** Note: (vsim-220) 'modelsim.ini' is used as the ini file.
# vsim -t 1ps -voptargs="+acc" -wlf control_unit.wlf -work work -do "add wave -recursive *; run -all; quit -f" work.tb_control_unit 
# Start time: 11:16:28 on May 30,2026
# ** Note: (vsim-3812) Design is being optimized...
# ** Warning: (vopt-10908) Some optimizations are turned off because the +acc switch is in effect.
# ** Note: (vopt-220) 'modelsim.ini' is used as the ini file.
# ** Note: (vsim-12126) Error and warning message counts have been restored: Errors=0, Warnings=1.
# //  Questa Altera Starter FPGA Edition-64
# //  Version 2025.2 linux_x86_64 May 31 2025
# //
# // Unpublished work. Copyright 2025 Siemens
# //
# // This material contains trade secrets or otherwise confidential information
# // owned by Siemens Industry Software Inc. or its affiliates (collectively,
# // "SISW"), or its licensors. Access to and use of this information is strictly
# // limited as set forth in the Customer's applicable agreements with SISW.
# //
# // This material may not be copied, distributed, or otherwise disclosed outside
# // of the Customer's facilities without the express written permission of SISW,
# // and may not be used in any way not expressly authorized by SISW.
# //
# Loading sv_std.std
# Loading work.tb_utils_pkg(fast)
# Loading work.tb_control_unit_sv_unit(fast)
# Loading work.tb_control_unit(fast)
# Loading work.control_unit(fast)
# add wave -recursive *
#  run -all
# PASS | funct7 = 0 | funct3 = 0 | opcode = 37 | result = e003
# PASS | funct7 = 0 | funct3 = 0 | opcode = 17 | result = 8303
# PASS | funct7 = 0 | funct3 = 0 | opcode = 6f | result = c401
# PASS | funct7 = 0 | funct3 = 0 | opcode = 67 | result = cd02
# PASS | funct7 = 0 | funct3 = 2 | opcode = 03 | result = ad0b
# PASS | funct7 = 0 | funct3 = 2 | opcode = 23 | result = 1107
# PASS | funct7 = 0 | funct3 = 0 | opcode = 63 | result = 0810
# PASS | funct7 = 0 | funct3 = 1 | opcode = 63 | result = 0810
# PASS | funct7 = 0 | funct3 = 4 | opcode = 63 | result = 0830
# PASS | funct7 = 0 | funct3 = 6 | opcode = 63 | result = 0840
# PASS | funct7 = 0 | funct3 = 0 | opcode = 13 | result = 8d03
# PASS | funct7 = 0 | funct3 = 1 | opcode = 13 | result = 9523
# PASS | funct7 = 0 | funct3 = 5 | opcode = 13 | result = 9563
# PASS | funct7 = 1 | funct3 = 5 | opcode = 13 | result = 9573
# PASS | funct7 = 0 | funct3 = 0 | opcode = 33 | result = 8003
# PASS | funct7 = 1 | funct3 = 0 | opcode = 33 | result = 8013
# PASS | funct7 = 0 | funct3 = 5 | opcode = 33 | result = 8063
# PASS | funct7 = 1 | funct3 = 5 | opcode = 33 | result = 8073
# Result: 18 PASSED, 0 FAILED
# ** Note: $finish    : /home/trungpham/PROJECT/RV32I_Single_Cycle/tb/control_unit/test/tb_control_unit.sv(103)
#    Time: 180 ps  Iteration: 0  Instance: /tb_control_unit
# End time: 11:16:28 on May 30,2026, Elapsed time: 0:00:00
# Errors: 0, Warnings: 1
